Microsoft HTML Help Compiler 4.74.8702

Compiling f:\Documents\Software Projects\Uncoded Projects\Timetabler\Timetabler\Timetable\Help\Tempestas Help.chm


Compile time: 0 minutes, 3 seconds
5	Topics
18	Local links
0	Internet links
0	Graphics


Created f:\Documents\Software Projects\Uncoded Projects\Timetabler\Timetabler\Timetable\Help\Tempestas Help.chm, 12,485 bytes
Compression increased file by 3,466 bytes.
Microsoft HTML Help Compiler 4.74.8702

Compiling f:\Documents\Software Projects\Uncoded Projects\Timetabler\Timetabler\Timetable\Help\Tempestas Help.chm


Compile time: 0 minutes, 5 seconds
5	Topics
18	Local links
0	Internet links
0	Graphics


Created f:\Documents\Software Projects\Uncoded Projects\Timetabler\Timetabler\Timetable\Help\Tempestas Help.chm, 12,723 bytes
Compression increased file by 2,583 bytes.
Microsoft HTML Help Compiler 4.74.8702

Compiling f:\Documents\Software Projects\Uncoded Projects\Timetabler\Timetabler\Timetable\Help\Tempestas Help.chm


Compile time: 0 minutes, 1 second
5	Topics
18	Local links
0	Internet links
0	Graphics


Created f:\Documents\Software Projects\Uncoded Projects\Timetabler\Timetabler\Timetable\Help\Tempestas Help.chm, 12,857 bytes
Compression increased file by 2,343 bytes.
