Microsoft HTML Help Compiler 4.74.8702

Compiling f:\Documents\Software Projects\Uncoded Projects\Timetabler\Timetabler\Timetable\Help\Tempestas Help.chm


Compile time: 0 minutes, 1 second
4	Topics
10	Local links
0	Internet links
0	Graphics


Created f:\Documents\Software Projects\Uncoded Projects\Timetabler\Timetabler\Timetable\Help\Tempestas Help.chm, 11,210 bytes
Compression increased file by 7,879 bytes.
Microsoft HTML Help Compiler 4.74.8702

Compiling f:\Documents\Software Projects\Uncoded Projects\Timetabler\Timetabler\Timetable\Help\Tempestas Help.chm


Compile time: 0 minutes, 1 second
4	Topics
10	Local links
0	Internet links
0	Graphics


Created f:\Documents\Software Projects\Uncoded Projects\Timetabler\Timetabler\Timetable\Help\Tempestas Help.chm, 11,210 bytes
Compression increased file by 7,881 bytes.
Microsoft HTML Help Compiler 4.74.8702

Compiling f:\Documents\Software Projects\Uncoded Projects\Timetabler\Timetabler\Timetable\Help\Tempestas Help.chm


Compile time: 0 minutes, 1 second
4	Topics
10	Local links
0	Internet links
0	Graphics


Created f:\Documents\Software Projects\Uncoded Projects\Timetabler\Timetabler\Timetable\Help\Tempestas Help.chm, 11,248 bytes
Compression increased file by 7,789 bytes.
Microsoft HTML Help Compiler 4.74.8702

Compiling f:\Documents\Software Projects\Uncoded Projects\Timetabler\Timetabler\Timetable\Help\Tempestas Help.chm


Compile time: 0 minutes, 1 second
4	Topics
10	Local links
0	Internet links
0	Graphics


Created f:\Documents\Software Projects\Uncoded Projects\Timetabler\Timetabler\Timetable\Help\Tempestas Help.chm, 11,248 bytes
Compression increased file by 7,789 bytes.
Microsoft HTML Help Compiler 4.74.8702

Compiling f:\Documents\Software Projects\Uncoded Projects\Timetabler\Timetabler\Timetable\Help\Tempestas Help.chm


Compile time: 0 minutes, 1 second
5	Topics
18	Local links
0	Internet links
0	Graphics


Created f:\Documents\Software Projects\Uncoded Projects\Timetabler\Timetabler\Timetable\Help\Tempestas Help.chm, 11,408 bytes
Compression increased file by 6,830 bytes.
Microsoft HTML Help Compiler 4.74.8702

Compiling f:\Documents\Software Projects\Uncoded Projects\Timetabler\Timetabler\Timetable\Help\Tempestas Help.chm


Compile time: 0 minutes, 1 second
5	Topics
18	Local links
0	Internet links
0	Graphics


Created f:\Documents\Software Projects\Uncoded Projects\Timetabler\Timetabler\Timetable\Help\Tempestas Help.chm, 11,460 bytes
Compression increased file by 6,760 bytes.
Microsoft HTML Help Compiler 4.74.8702

Compiling f:\Documents\Software Projects\Uncoded Projects\Timetabler\Timetabler\Timetable\Help\Tempestas Help.chm


Compile time: 0 minutes, 1 second
5	Topics
18	Local links
0	Internet links
0	Graphics


Created f:\Documents\Software Projects\Uncoded Projects\Timetabler\Timetabler\Timetable\Help\Tempestas Help.chm, 11,460 bytes
Compression increased file by 6,760 bytes.
Microsoft HTML Help Compiler 4.74.8702

Compiling f:\Documents\Software Projects\Uncoded Projects\Timetabler\Timetabler\Timetable\Help\Tempestas Help.chm


Compile time: 0 minutes, 1 second
5	Topics
18	Local links
0	Internet links
0	Graphics


Created f:\Documents\Software Projects\Uncoded Projects\Timetabler\Timetabler\Timetable\Help\Tempestas Help.chm, 11,712 bytes
Compression increased file by 6,127 bytes.
Microsoft HTML Help Compiler 4.74.8702

Compiling f:\Documents\Software Projects\Uncoded Projects\Timetabler\Timetabler\Timetable\Help\Tempestas Help.chm


Compile time: 0 minutes, 1 second
5	Topics
18	Local links
0	Internet links
0	Graphics


Created f:\Documents\Software Projects\Uncoded Projects\Timetabler\Timetabler\Timetable\Help\Tempestas Help.chm, 11,890 bytes
Compression increased file by 5,250 bytes.
Microsoft HTML Help Compiler 4.74.8702

Compiling f:\Documents\Software Projects\Uncoded Projects\Timetabler\Timetabler\Timetable\Help\Tempestas Help.chm


Compile time: 0 minutes, 1 second
5	Topics
18	Local links
0	Internet links
0	Graphics


Created f:\Documents\Software Projects\Uncoded Projects\Timetabler\Timetabler\Timetable\Help\Tempestas Help.chm, 11,887 bytes
Compression increased file by 5,247 bytes.
Microsoft HTML Help Compiler 4.74.8702

Compiling f:\Documents\Software Projects\Uncoded Projects\Timetabler\Timetabler\Timetable\Help\Tempestas Help.chm


Compile time: 0 minutes, 1 second
5	Topics
18	Local links
0	Internet links
0	Graphics


Created f:\Documents\Software Projects\Uncoded Projects\Timetabler\Timetabler\Timetable\Help\Tempestas Help.chm, 11,887 bytes
Compression increased file by 5,247 bytes.
Microsoft HTML Help Compiler 4.74.8702

Compiling f:\Documents\Software Projects\Uncoded Projects\Timetabler\Timetabler\Timetable\Help\Tempestas Help.chm


Compile time: 0 minutes, 1 second
5	Topics
18	Local links
0	Internet links
0	Graphics


Created f:\Documents\Software Projects\Uncoded Projects\Timetabler\Timetabler\Timetable\Help\Tempestas Help.chm, 11,895 bytes
Compression increased file by 5,194 bytes.
Microsoft HTML Help Compiler 4.74.8702

Compiling f:\Documents\Software Projects\Uncoded Projects\Timetabler\Timetabler\Timetable\Help\Tempestas Help.chm


Compile time: 0 minutes, 1 second
5	Topics
18	Local links
0	Internet links
0	Graphics


Created f:\Documents\Software Projects\Uncoded Projects\Timetabler\Timetabler\Timetable\Help\Tempestas Help.chm, 11,943 bytes
Compression increased file by 5,111 bytes.
HHC5010: Error: Cannot open "f:\Documents\Software Projects\Uncoded Projects\Timetabler\Timetabler\Timetable\Help\Tempestas Help.chm". Compilation stopped.
HHC5010: Error: Cannot open "f:\Documents\Software Projects\Uncoded Projects\Timetabler\Timetabler\Timetable\Help\Tempestas Help.chm". Compilation stopped.
HHC5010: Error: Cannot open "f:\Documents\Software Projects\Uncoded Projects\Timetabler\Timetabler\Timetable\Help\Tempestas Help.chm". Compilation stopped.
Microsoft HTML Help Compiler 4.74.8702

Compiling f:\Documents\Software Projects\Uncoded Projects\Timetabler\Timetabler\Timetable\Help\Tempestas Help.chm


Compile time: 0 minutes, 1 second
5	Topics
18	Local links
0	Internet links
0	Graphics


Created f:\Documents\Software Projects\Uncoded Projects\Timetabler\Timetabler\Timetable\Help\Tempestas Help.chm, 12,025 bytes
Compression increased file by 4,475 bytes.
Microsoft HTML Help Compiler 4.74.8702

Compiling f:\Documents\Software Projects\Uncoded Projects\Timetabler\Timetabler\Timetable\Help\Tempestas Help.chm


Compile time: 0 minutes, 1 second
5	Topics
18	Local links
0	Internet links
0	Graphics


Created f:\Documents\Software Projects\Uncoded Projects\Timetabler\Timetabler\Timetable\Help\Tempestas Help.chm, 12,131 bytes
Compression increased file by 4,255 bytes.
Microsoft HTML Help Compiler 4.74.8702

Compiling f:\Documents\Software Projects\Uncoded Projects\Timetabler\Timetabler\Timetable\Help\Tempestas Help.chm


Compile time: 0 minutes, 2 seconds
5	Topics
18	Local links
0	Internet links
0	Graphics


Created f:\Documents\Software Projects\Uncoded Projects\Timetabler\Timetabler\Timetable\Help\Tempestas Help.chm, 12,201 bytes
Compression increased file by 4,138 bytes.
Microsoft HTML Help Compiler 4.74.8702

Compiling f:\Documents\Software Projects\Uncoded Projects\Timetabler\Timetabler\Timetable\Help\Tempestas Help.chm


Compile time: 0 minutes, 2 seconds
5	Topics
18	Local links
0	Internet links
0	Graphics


Created f:\Documents\Software Projects\Uncoded Projects\Timetabler\Timetabler\Timetable\Help\Tempestas Help.chm, 12,263 bytes
Compression increased file by 4,014 bytes.
Microsoft HTML Help Compiler 4.74.8702

Compiling f:\Documents\Software Projects\Uncoded Projects\Timetabler\Timetabler\Timetable\Help\Tempestas Help.chm


Compile time: 0 minutes, 1 second
5	Topics
18	Local links
0	Internet links
0	Graphics


Created f:\Documents\Software Projects\Uncoded Projects\Timetabler\Timetabler\Timetable\Help\Tempestas Help.chm, 12,393 bytes
Compression increased file by 3,729 bytes.
